<?xml version="1.0" encoding="UTF-8"?>
<!-- Generated by org.testng.reporters.JUnitReportReporter -->
<testsuite skipped="0" hostname="DESKTOP-7QE1RVK" name="com.FDX.Generics.TestBaseFDX" tests="3" failures="0" timestamp="11 Jun 2018 16:29:01 GMT" time="41.883" errors="0">
  <testcase name="Setpath" time="12.156" classname="com.FDX.Generics.TestBaseFDX"/>
  <testcase name="close" time="8.929" classname="com.FDX.Generics.TestBaseFDX"/>
  <testcase name="openApplication" time="20.798" classname="com.FDX.Generics.TestBaseFDX"/>
</testsuite> <!-- com.FDX.Generics.TestBaseFDX -->
